Using pre-set license
Built from '2020.3/release' branch; Version is '2020.3.15f2 (6cf78cb77498) revision 7141260'; Using compiler version '192528614'; Build Type 'Release'
OS: 'Windows 10 Pro; OS build 19042.1110; Version 2009; 64bit' Language: 'en' Physical Memory: 16245 MB
BatchMode: 1, IsHumanControllingUs: 0, StartBugReporterOnCrash: 0, Is64bit: 1, IsPro: 0

 COMMAND LINE ARGUMENTS:
D:\Unity\Unity Editors Path\2019.4.12f1\Editor\Unity.exe
-adb2
-batchMode
-noUpm
-name
AssetImportWorker0
-projectPath
E:/KEN/Unity Projects/Memilah Sampah
-logFile
Logs/AssetImportWorker0.log
-srvPort
56822
Successfully changed project path to: E:/KEN/Unity Projects/Memilah Sampah
E:/KEN/Unity Projects/Memilah Sampah
Using Asset Import Pipeline V2.
Refreshing native plugins compatible for Editor in 34.17 ms, found 3 plugins.
Preloading 0 native plugins for Editor in 0.00 ms.
Initialize engine version: 2020.3.15f2 (6cf78cb77498)
[Subsystems] Discovering subsystems at path D:/Unity/Unity Editors Path/2019.4.12f1/Editor/Data/Resources/UnitySubsystems
[Subsystems] Discovering subsystems at path E:/KEN/Unity Projects/Memilah Sampah/Assets
GfxDevice: creating device client; threaded=0
Direct3D:
    Version:  Direct3D 11.0 [level 11.1]
    Renderer: NVIDIA GeForce GTX 1060 6GB (ID=0x1c03)
    Vendor:   
    VRAM:     6052 MB
    Driver:   30.0.14.7196
Initialize mono
Mono path[0] = 'D:/Unity/Unity Editors Path/2019.4.12f1/Editor/Data/Managed'
Mono path[1] = 'D:/Unity/Unity Editors Path/2019.4.12f1/Editor/Data/MonoBleedingEdge/lib/mono/unityjit'
Mono config path = 'D:/Unity/Unity Editors Path/2019.4.12f1/Editor/Data/MonoBleedingEdge/etc'
Using monoOptions --debugger-agent=transport=dt_socket,embedding=1,server=y,suspend=n,address=127.0.0.1:56428
Begin MonoManager ReloadAssembly
Registering precompiled unity dll's ...
Register platform support module: D:/Unity/Unity Editors Path/2019.4.12f1/Editor/Data/PlaybackEngines/WindowsStandaloneSupport/UnityEditor.WindowsStandalone.Extensions.dll
Registered in 0.001116 seconds.
Native extension for WindowsStandalone target not found
Refreshing native plugins compatible for Editor in 33.55 ms, found 3 plugins.
Preloading 0 native plugins for Editor in 0.00 ms.
Mono: successfully reloaded assembly
- Completed reload, in  1.050 seconds
Domain Reload Profiling:
	ReloadAssembly (1051ms)
		BeginReloadAssembly (58ms)
			ExecutionOrderSort (0ms)
			DisableScriptedObjects (0ms)
			BackupInstance (0ms)
			ReleaseScriptingObjects (0ms)
			CreateAndSetChildDomain (1ms)
		EndReloadAssembly (354ms)
			LoadAssemblies (57ms)
			RebuildTransferFunctionScriptingTraits (0ms)
			SetupTypeCache (133ms)
			ReleaseScriptCaches (0ms)
			RebuildScriptCaches (27ms)
			SetupLoadedEditorAssemblies (136ms)
				LogAssemblyErrors (0ms)
				InitializePlatformSupportModulesInManaged (3ms)
				SetLoadedEditorAssemblies (0ms)
				RefreshPlugins (34ms)
				BeforeProcessingInitializeOnLoad (12ms)
				ProcessInitializeOnLoadAttributes (65ms)
				ProcessInitializeOnLoadMethodAttributes (23ms)
				AfterProcessingInitializeOnLoad (0ms)
				EditorAssembliesLoaded (0ms)
			ExecutionOrderSort2 (0ms)
			AwakeInstancesAfterBackupRestoration (0ms)
Platform modules already initialized, skipping
Registering precompiled user dll's ...
Registered in 0.002541 seconds.
Begin MonoManager ReloadAssembly
Native extension for WindowsStandalone target not found
Refreshing native plugins compatible for Editor in 34.66 ms, found 3 plugins.
Preloading 0 native plugins for Editor in 0.00 ms.
Mono: successfully reloaded assembly
- Completed reload, in  1.040 seconds
Domain Reload Profiling:
	ReloadAssembly (1040ms)
		BeginReloadAssembly (143ms)
			ExecutionOrderSort (0ms)
			DisableScriptedObjects (5ms)
			BackupInstance (0ms)
			ReleaseScriptingObjects (0ms)
			CreateAndSetChildDomain (16ms)
		EndReloadAssembly (848ms)
			LoadAssemblies (87ms)
			RebuildTransferFunctionScriptingTraits (0ms)
			SetupTypeCache (257ms)
			ReleaseScriptCaches (0ms)
			RebuildScriptCaches (45ms)
			SetupLoadedEditorAssemblies (358ms)
				LogAssemblyErrors (0ms)
				InitializePlatformSupportModulesInManaged (3ms)
				SetLoadedEditorAssemblies (0ms)
				RefreshPlugins (35ms)
				BeforeProcessingInitializeOnLoad (72ms)
				ProcessInitializeOnLoadAttributes (236ms)
				ProcessInitializeOnLoadMethodAttributes (10ms)
				AfterProcessingInitializeOnLoad (2ms)
				EditorAssembliesLoaded (0ms)
			ExecutionOrderSort2 (0ms)
			AwakeInstancesAfterBackupRestoration (5ms)
Platform modules already initialized, skipping
========================================================================
Worker process is ready to serve import requests
Launched and connected shader compiler UnityShaderCompiler.exe after 0.07 seconds
Refreshing native plugins compatible for Editor in 0.43 ms, found 3 plugins.
Preloading 0 native plugins for Editor in 0.00 ms.
Unloading 2090 Unused Serialized files (Serialized files now loaded: 0)
System memory in use before: 93.1 MB.
System memory in use after: 93.1 MB.

Unloading 33 unused Assets to reduce memory usage. Loaded Objects now: 2523.
Total: 2.419400 ms (FindLiveObjects: 0.167400 ms CreateObjectMapping: 0.067400 ms MarkObjects: 2.076100 ms  DeleteObjects: 0.107500 ms)

AssetImportParameters requested are different than current active one (requested -> active):
  custom:framework-win-MediaFoundation: 216162199b28c13a410421893ffa2e32 -> 
  custom:video-decoder-ogg-theora: a1e56fd34408186e4bbccfd4996cb3dc -> 
  custom:container-muxer-webm: aa71ff27fc2769a1b78a27578f13a17b -> 
  custom:container-demuxer-webm: 4f35f7cbe854078d1ac9338744f61a02 -> 
  custom:container-demuxer-ogg: 62fdf1f143b41e24485cea50d1cbac27 -> 
  custom:video-encoder-webm-vp8: eb34c28f22e8b96e1ab97ce403110664 -> 
  custom:video-decoder-webm-vp8: 9c59270c3fd7afecdb556c50c9e8de78 -> 
  custom:audio-decoder-ogg-vorbis: bf7c407c2cedff20999df2af8eb42d56 -> 
  custom:audio-encoder-webm-vorbis: bf7c407c2cedff20999df2af8eb42d56 -> 
========================================================================
Received Import Request.
  path: Assets
  artifactKey: Guid(00000000000000001000000000000000) Importer(815301076,1909f56bfc062723c751e8b465ee728b)
Start importing Assets using Guid(00000000000000001000000000000000) Importer(815301076,1909f56bfc062723c751e8b465ee728b)  -> (artifact id: '42d402b061de3733987d63b9cc3b64de') in 0.007718 seconds 
  Import took 0.010738 seconds .

========================================================================
Received Import Request.
  Time since last request: 0.504314 seconds.
  path: Assets/Audios
  artifactKey: Guid(18124ded7c291e940b17e732e336a4da) Importer(815301076,1909f56bfc062723c751e8b465ee728b)
Start importing Assets/Audios using Guid(18124ded7c291e940b17e732e336a4da) Importer(815301076,1909f56bfc062723c751e8b465ee728b)  -> (artifact id: '817e59ec8735f6c568207cc45efc35c2') in 0.005215 seconds 
  Import took 0.007982 seconds .

========================================================================
Received Import Request.
  Time since last request: 7.216980 seconds.
  path: Assets/New Folder
  artifactKey: Guid(5e5865ff580087641a708db6385c9eb7) Importer(815301076,1909f56bfc062723c751e8b465ee728b)
Start importing Assets/New Folder using Guid(5e5865ff580087641a708db6385c9eb7) Importer(815301076,1909f56bfc062723c751e8b465ee728b)  -> (artifact id: 'ad165f97436794ba299ffbd460e0d40a') in 0.008156 seconds 
  Import took 0.011279 seconds .

========================================================================
Received Import Request.
  Time since last request: 3.837492 seconds.
  path: Assets/Images
  artifactKey: Guid(5e5865ff580087641a708db6385c9eb7) Importer(815301076,1909f56bfc062723c751e8b465ee728b)
Start importing Assets/Images using Guid(5e5865ff580087641a708db6385c9eb7) Importer(815301076,1909f56bfc062723c751e8b465ee728b)  -> (artifact id: '5c786b9414c846dcf8de240079ce167c') in 0.005873 seconds 
  Import took 0.008855 seconds .

========================================================================
Received Import Request.
  Time since last request: 5.738021 seconds.
  path: Assets/Prefabs
  artifactKey: Guid(a4e411a611b219b45ae797c1c7793143) Importer(815301076,1909f56bfc062723c751e8b465ee728b)
Start importing Assets/Prefabs using Guid(a4e411a611b219b45ae797c1c7793143) Importer(815301076,1909f56bfc062723c751e8b465ee728b)  -> (artifact id: 'b102a5fa9683c9233374465c98bacb99') in 0.004888 seconds 
  Import took 0.008096 seconds .

========================================================================
Received Import Request.
  Time since last request: 7.622181 seconds.
  path: Assets/Scripts
  artifactKey: Guid(0d929a8686e1b204a9f81f2a09720e28) Importer(815301076,1909f56bfc062723c751e8b465ee728b)
Start importing Assets/Scripts using Guid(0d929a8686e1b204a9f81f2a09720e28) Importer(815301076,1909f56bfc062723c751e8b465ee728b)  -> (artifact id: '114b0da902d94e3610d6c1ada1fe4b98') in 0.004445 seconds 
  Import took 0.007309 seconds .

========================================================================
Received Import Request.
  Time since last request: 85.363219 seconds.
  path: Assets/Audios/Benar.wav
  artifactKey: Guid(d9c1e82578adfd64f952d5ba407b43eb) Importer(815301076,1909f56bfc062723c751e8b465ee728b)
Start importing Assets/Audios/Benar.wav using Guid(d9c1e82578adfd64f952d5ba407b43eb) Importer(815301076,1909f56bfc062723c751e8b465ee728b)  -> (artifact id: '0beb50a741036afbfab02ac44f3cecdc') in 0.120257 seconds 
  Import took 0.123408 seconds .

========================================================================
Received Import Request.
  Time since last request: 0.000227 seconds.
  path: Assets/Audios/Salah.wav
  artifactKey: Guid(0d394f268c48c3c46b98862bd9e34dee) Importer(815301076,1909f56bfc062723c751e8b465ee728b)
Start importing Assets/Audios/Salah.wav using Guid(0d394f268c48c3c46b98862bd9e34dee) Importer(815301076,1909f56bfc062723c751e8b465ee728b)  -> (artifact id: '0b0c0450b36f36b0f60dd18ee5e2a180') in 0.029844 seconds 
  Import took 0.032434 seconds .

========================================================================
Received Import Request.
  Time since last request: 1.038612 seconds.
  path: Assets/Images/Background.png
  artifactKey: Guid(7f64a3ef43eb06340a097122218df7bb) Importer(815301076,1909f56bfc062723c751e8b465ee728b)
Start importing Assets/Images/Background.png using Guid(7f64a3ef43eb06340a097122218df7bb) Importer(815301076,1909f56bfc062723c751e8b465ee728b)  -> (artifact id: 'f11e5826a46cf97101d008fedca73f09') in 0.040249 seconds 
  Import took 0.043516 seconds .

========================================================================
Received Import Request.
  Time since last request: 0.000242 seconds.
  path: Assets/Images/Gameover.png
  artifactKey: Guid(57abda31340be2d4e9a88faa70e7b338) Importer(815301076,1909f56bfc062723c751e8b465ee728b)
Start importing Assets/Images/Gameover.png using Guid(57abda31340be2d4e9a88faa70e7b338) Importer(815301076,1909f56bfc062723c751e8b465ee728b)  -> (artifact id: '2860e8794df92b64780e840915d7e355') in 0.014115 seconds 
  Import took 0.016993 seconds .

========================================================================
Received Import Request.
  Time since last request: 0.000225 seconds.
  path: Assets/Images/Organik_Ikan.png
  artifactKey: Guid(84d6d99558779c048a8bf9267410bd71) Importer(815301076,1909f56bfc062723c751e8b465ee728b)
Start importing Assets/Images/Organik_Ikan.png using Guid(84d6d99558779c048a8bf9267410bd71) Importer(815301076,1909f56bfc062723c751e8b465ee728b)  -> (artifact id: 'dc23f8fc643062d9b678c97a9ae629fe') in 0.012467 seconds 
  Import took 0.015158 seconds .

========================================================================
Received Import Request.
  Time since last request: 0.000295 seconds.
  path: Assets/Images/NonOrganik_Botol.png
  artifactKey: Guid(6caa42ae01309394aa138d199b127cc2) Importer(815301076,1909f56bfc062723c751e8b465ee728b)
Start importing Assets/Images/NonOrganik_Botol.png using Guid(6caa42ae01309394aa138d199b127cc2) Importer(815301076,1909f56bfc062723c751e8b465ee728b)  -> (artifact id: '24acee528f6d91bd6aa161d4dddaff34') in 0.011629 seconds 
  Import took 0.014611 seconds .

========================================================================
Received Import Request.
  Time since last request: 0.000255 seconds.
  path: Assets/Images/BoxOrganik.png
  artifactKey: Guid(79cb00ee23f68834696197522dd68a78) Importer(815301076,1909f56bfc062723c751e8b465ee728b)
Start importing Assets/Images/BoxOrganik.png using Guid(79cb00ee23f68834696197522dd68a78) Importer(815301076,1909f56bfc062723c751e8b465ee728b)  -> (artifact id: '2b6cc65dbcac156472618d85b04d88d1') in 0.013329 seconds 
  Import took 0.016295 seconds .

========================================================================
Received Import Request.
  Time since last request: 0.000278 seconds.
  path: Assets/Images/NonOrganik_GelasPastik.png
  artifactKey: Guid(3c13aa8e1f4b94c4d98369149f1563be) Importer(815301076,1909f56bfc062723c751e8b465ee728b)
Start importing Assets/Images/NonOrganik_GelasPastik.png using Guid(3c13aa8e1f4b94c4d98369149f1563be) Importer(815301076,1909f56bfc062723c751e8b465ee728b)  -> (artifact id: 'dc1f80b9298b2eb08647c2a02768c337') in 0.015185 seconds 
  Import took 0.017852 seconds .

========================================================================
Received Import Request.
  Time since last request: 0.000240 seconds.
  path: Assets/Images/BoxNonOrganik.png
  artifactKey: Guid(f0ba3a1d7dd7a9347889d8d623e8a8ac) Importer(815301076,1909f56bfc062723c751e8b465ee728b)
Start importing Assets/Images/BoxNonOrganik.png using Guid(f0ba3a1d7dd7a9347889d8d623e8a8ac) Importer(815301076,1909f56bfc062723c751e8b465ee728b)  -> (artifact id: 'bb05caa4f3d289cdef5999d8831070f5') in 0.011695 seconds 
  Import took 0.014536 seconds .

========================================================================
Received Import Request.
  Time since last request: 0.000221 seconds.
  path: Assets/Images/Organik_Ayam.png
  artifactKey: Guid(3baaf3955e73eeb40a7edb87f2013bdf) Importer(815301076,1909f56bfc062723c751e8b465ee728b)
Start importing Assets/Images/Organik_Ayam.png using Guid(3baaf3955e73eeb40a7edb87f2013bdf) Importer(815301076,1909f56bfc062723c751e8b465ee728b)  -> (artifact id: '033a8df5fb25ea47cd7659a7ab17a764') in 0.028965 seconds 
  Import took 0.031797 seconds .

========================================================================
Received Import Request.
  Time since last request: 0.000190 seconds.
  path: Assets/Images/Organik_Apple.png
  artifactKey: Guid(0633d29e492510348adc2d69961fba04) Importer(815301076,1909f56bfc062723c751e8b465ee728b)
Start importing Assets/Images/Organik_Apple.png using Guid(0633d29e492510348adc2d69961fba04) Importer(815301076,1909f56bfc062723c751e8b465ee728b)  -> (artifact id: 'f5b26e4e4bc1db369b0e8c54fcbd243f') in 0.012604 seconds 
  Import took 0.015248 seconds .

========================================================================
Received Import Request.
  Time since last request: 0.000296 seconds.
  path: Assets/Images/NonOrganik_Plastik.png
  artifactKey: Guid(eb43546dc56dc6647bb46680b60cd718) Importer(815301076,1909f56bfc062723c751e8b465ee728b)
Start importing Assets/Images/NonOrganik_Plastik.png using Guid(eb43546dc56dc6647bb46680b60cd718) Importer(815301076,1909f56bfc062723c751e8b465ee728b)  -> (artifact id: '221ce59482e8ef86b6532610633d5388') in 0.011830 seconds 
  Import took 0.014745 seconds .

========================================================================
Received Import Request.
  Time since last request: 2966.702610 seconds.
  path: Assets/Scenes/SampleScene.unity
  artifactKey: Guid(2cda990e2423bbf4892e6590ba056729) Importer(815301076,1909f56bfc062723c751e8b465ee728b)
Start importing Assets/Scenes/SampleScene.unity using Guid(2cda990e2423bbf4892e6590ba056729) Importer(815301076,1909f56bfc062723c751e8b465ee728b)  -> (artifact id: '77bd903b98852880e9ba5435fe39c754') in 0.006838 seconds 
  Import took 0.010539 seconds .

========================================================================
Received Import Request.
  Time since last request: 15.864203 seconds.
  path: Assets/Scenes/Gameplay.unity
  artifactKey: Guid(2cda990e2423bbf4892e6590ba056729) Importer(815301076,1909f56bfc062723c751e8b465ee728b)
Start importing Assets/Scenes/Gameplay.unity using Guid(2cda990e2423bbf4892e6590ba056729) Importer(815301076,1909f56bfc062723c751e8b465ee728b)  -> (artifact id: '98bb856777f09a2175b6c94daf87bca9') in 0.005087 seconds 
  Import took 0.008186 seconds .

========================================================================
Received Import Request.
  Time since last request: 208.159892 seconds.
  path: ProjectSettings/TagManager.asset
  artifactKey: Guid(00000000000000003000000000000000) Importer(815301076,1909f56bfc062723c751e8b465ee728b)
Start importing ProjectSettings/TagManager.asset using Guid(00000000000000003000000000000000) Importer(815301076,1909f56bfc062723c751e8b465ee728b)  -> (artifact id: '95df672b4aaba54310d34c83eef51bb8') in 0.007493 seconds 
  Import took 0.010574 seconds .

========================================================================
Received Import Request.
  Time since last request: 0.001400 seconds.
  path: ProjectSettings/TagManager.asset
  artifactKey: Guid(00000000000000003000000000000000) Importer(815301076,1909f56bfc062723c751e8b465ee728b)
Start importing ProjectSettings/TagManager.asset using Guid(00000000000000003000000000000000) Importer(815301076,1909f56bfc062723c751e8b465ee728b)  -> (artifact id: '95df672b4aaba54310d34c83eef51bb8') in 0.001718 seconds 
  Import took 0.004555 seconds .

========================================================================
Received Import Request.
  Time since last request: 113.279235 seconds.
  path: Assets/Scripts/GerakPindah.cs
  artifactKey: Guid(cf70320e7c9add54dae469edcc80fb5e) Importer(815301076,1909f56bfc062723c751e8b465ee728b)
Start importing Assets/Scripts/GerakPindah.cs using Guid(cf70320e7c9add54dae469edcc80fb5e) Importer(815301076,1909f56bfc062723c751e8b465ee728b)  -> (artifact id: '615c4eaff9d72fba44b9b8fe4ff6bde0') in 0.006289 seconds 
  Import took 0.009841 seconds .

========================================================================
Received Prepare
Registering precompiled user dll's ...
Registered in 0.003679 seconds.
Begin MonoManager ReloadAssembly
Native extension for WindowsStandalone target not found
Refreshing native plugins compatible for Editor in 0.44 ms, found 3 plugins.
Preloading 0 native plugins for Editor in 0.00 ms.
Mono: successfully reloaded assembly
- Completed reload, in  0.951 seconds
Domain Reload Profiling:
	ReloadAssembly (952ms)
		BeginReloadAssembly (119ms)
			ExecutionOrderSort (0ms)
			DisableScriptedObjects (6ms)
			BackupInstance (0ms)
			ReleaseScriptingObjects (0ms)
			CreateAndSetChildDomain (36ms)
		EndReloadAssembly (779ms)
			LoadAssemblies (90ms)
			RebuildTransferFunctionScriptingTraits (0ms)
			SetupTypeCache (251ms)
			ReleaseScriptCaches (1ms)
			RebuildScriptCaches (36ms)
			SetupLoadedEditorAssemblies (330ms)
				LogAssemblyErrors (0ms)
				InitializePlatformSupportModulesInManaged (4ms)
				SetLoadedEditorAssemblies (0ms)
				RefreshPlugins (0ms)
				BeforeProcessingInitializeOnLoad (72ms)
				ProcessInitializeOnLoadAttributes (245ms)
				ProcessInitializeOnLoadMethodAttributes (5ms)
				AfterProcessingInitializeOnLoad (3ms)
				EditorAssembliesLoaded (0ms)
			ExecutionOrderSort2 (0ms)
			AwakeInstancesAfterBackupRestoration (9ms)
Platform modules already initialized, skipping
Refreshing native plugins compatible for Editor in 0.41 ms, found 3 plugins.
Preloading 0 native plugins for Editor in 0.00 ms.
Unloading 2086 Unused Serialized files (Serialized files now loaded: 0)
System memory in use before: 96.1 MB.
System memory in use after: 96.1 MB.

Unloading 23 unused Assets to reduce memory usage. Loaded Objects now: 2556.
Total: 2.442300 ms (FindLiveObjects: 0.235100 ms CreateObjectMapping: 0.091500 ms MarkObjects: 2.010400 ms  DeleteObjects: 0.104500 ms)

AssetImportParameters requested are different than current active one (requested -> active):
  custom:framework-win-MediaFoundation: 216162199b28c13a410421893ffa2e32 -> 
  custom:video-decoder-ogg-theora: a1e56fd34408186e4bbccfd4996cb3dc -> 
  custom:container-muxer-webm: aa71ff27fc2769a1b78a27578f13a17b -> 
  custom:container-demuxer-webm: 4f35f7cbe854078d1ac9338744f61a02 -> 
  custom:container-demuxer-ogg: 62fdf1f143b41e24485cea50d1cbac27 -> 
  custom:video-encoder-webm-vp8: eb34c28f22e8b96e1ab97ce403110664 -> 
  custom:video-decoder-webm-vp8: 9c59270c3fd7afecdb556c50c9e8de78 -> 
  custom:audio-decoder-ogg-vorbis: bf7c407c2cedff20999df2af8eb42d56 -> 
  custom:audio-encoder-webm-vorbis: bf7c407c2cedff20999df2af8eb42d56 -> 
========================================================================
Received Prepare
Registering precompiled user dll's ...
Registered in 0.002859 seconds.
Begin MonoManager ReloadAssembly
Native extension for WindowsStandalone target not found
Refreshing native plugins compatible for Editor in 0.48 ms, found 3 plugins.
Preloading 0 native plugins for Editor in 0.00 ms.
Mono: successfully reloaded assembly
- Completed reload, in  0.978 seconds
Domain Reload Profiling:
	ReloadAssembly (979ms)
		BeginReloadAssembly (120ms)
			ExecutionOrderSort (0ms)
			DisableScriptedObjects (5ms)
			BackupInstance (0ms)
			ReleaseScriptingObjects (0ms)
			CreateAndSetChildDomain (32ms)
		EndReloadAssembly (808ms)
			LoadAssemblies (95ms)
			RebuildTransferFunctionScriptingTraits (0ms)
			SetupTypeCache (256ms)
			ReleaseScriptCaches (1ms)
			RebuildScriptCaches (38ms)
			SetupLoadedEditorAssemblies (341ms)
				LogAssemblyErrors (0ms)
				InitializePlatformSupportModulesInManaged (4ms)
				SetLoadedEditorAssemblies (0ms)
				RefreshPlugins (1ms)
				BeforeProcessingInitializeOnLoad (77ms)
				ProcessInitializeOnLoadAttributes (247ms)
				ProcessInitializeOnLoadMethodAttributes (7ms)
				AfterProcessingInitializeOnLoad (4ms)
				EditorAssembliesLoaded (0ms)
			ExecutionOrderSort2 (0ms)
			AwakeInstancesAfterBackupRestoration (13ms)
Platform modules already initialized, skipping
Refreshing native plugins compatible for Editor in 0.41 ms, found 3 plugins.
Preloading 0 native plugins for Editor in 0.00 ms.
Unloading 2086 Unused Serialized files (Serialized files now loaded: 0)
System memory in use before: 96.2 MB.
System memory in use after: 96.1 MB.

Unloading 21 unused Assets to reduce memory usage. Loaded Objects now: 2560.
Total: 2.579500 ms (FindLiveObjects: 0.172000 ms CreateObjectMapping: 0.062700 ms MarkObjects: 2.244000 ms  DeleteObjects: 0.099700 ms)

AssetImportParameters requested are different than current active one (requested -> active):
  custom:framework-win-MediaFoundation: 216162199b28c13a410421893ffa2e32 -> 
  custom:video-decoder-ogg-theora: a1e56fd34408186e4bbccfd4996cb3dc -> 
  custom:container-muxer-webm: aa71ff27fc2769a1b78a27578f13a17b -> 
  custom:container-demuxer-webm: 4f35f7cbe854078d1ac9338744f61a02 -> 
  custom:container-demuxer-ogg: 62fdf1f143b41e24485cea50d1cbac27 -> 
  custom:video-encoder-webm-vp8: eb34c28f22e8b96e1ab97ce403110664 -> 
  custom:video-decoder-webm-vp8: 9c59270c3fd7afecdb556c50c9e8de78 -> 
  custom:audio-decoder-ogg-vorbis: bf7c407c2cedff20999df2af8eb42d56 -> 
  custom:audio-encoder-webm-vorbis: bf7c407c2cedff20999df2af8eb42d56 -> 
========================================================================
Received Import Request.
  Time since last request: 160.799777 seconds.
  path: Assets/Scripts/GerakPindah.cs
  artifactKey: Guid(cf70320e7c9add54dae469edcc80fb5e) Importer(815301076,1909f56bfc062723c751e8b465ee728b)
Start importing Assets/Scripts/GerakPindah.cs using Guid(cf70320e7c9add54dae469edcc80fb5e) Importer(815301076,1909f56bfc062723c751e8b465ee728b)  -> (artifact id: 'b66692e0296863498c211e58efecd05b') in 0.003617 seconds 
  Import took 0.006396 seconds .

